<?xml version="1.0" encoding="UTF-8"?>
<!-- Generated by org.testng.reporters.JUnitReportReporter -->
<testsuite hostname="Leti" failures="0" tests="4" name="com.testsLeti.ApiAllTestsLeti" time="28.945" errors="0" timestamp="2023-03-13T02:30:07 PDT" skipped="0">
  <testcase classname="com.testsLeti.ApiAllTestsLeti" name="getUserData" time="23.487"/>
  <system-out/>
  <testcase classname="com.testsLeti.ApiAllTestsLeti" name="CreateUserData" time="0.880"/>
  <system-out/>
  <testcase classname="com.testsLeti.ApiAllTestsLeti" name="updateUserData" time="3.763"/>
  <system-out/>
  <testcase classname="com.testsLeti.ApiAllTestsLeti" name="deleteUserData" time="0.815"/>
  <system-out/>
</testsuite> <!-- com.testsLeti.ApiAllTestsLeti -->
