<?xml version="1.0" encoding="UTF-8"?>
<!-- Generated by org.testng.reporters.JUnitReportReporter -->
<testsuite hostname="Leti" failures="0" tests="1" name="com.simpletestsLeti.UpdateDataWithPOJOTest" time="8.933" errors="0" timestamp="2023-03-09T00:21:19 PST" skipped="0">
  <testcase classname="com.simpletestsLeti.UpdateDataWithPOJOTest" name="updateUserData" time="8.933"/>
  <system-out/>
</testsuite> <!-- com.simpletestsLeti.UpdateDataWithPOJOTest -->
