<?xml version="1.0" encoding="UTF-8"?>
<!-- Generated by org.testng.reporters.JUnitReportReporter -->
<testsuite hostname="Leti" failures="0" tests="1" name="com.simpletestsLeti.DeleteDataWithPOJOTest" time="9.027" errors="0" timestamp="2023-03-09T00:22:17 PST" skipped="0">
  <testcase classname="com.simpletestsLeti.DeleteDataWithPOJOTest" name="deleteUserData" time="9.027"/>
  <system-out/>
</testsuite> <!-- com.simpletestsLeti.DeleteDataWithPOJOTest -->
