<?xml version="1.0" encoding="UTF-8"?>
<!-- Generated by org.testng.reporters.JUnitReportReporter -->
<testsuite hostname="Leti" failures="0" tests="1" name="com.simpletestsLeti.GetDataWithPOJOHomeworkReadFromJsonFile" time="4.030" errors="0" timestamp="2023-03-12T03:39:38 PDT" skipped="0">
  <testcase classname="com.simpletestsLeti.GetDataWithPOJOHomeworkReadFromJsonFile" name="ReadJsonFile" time="4.030"/>
  <system-out/>
</testsuite> <!-- com.simpletestsLeti.GetDataWithPOJOHomeworkReadFromJsonFile -->
