<?xml version="1.0" encoding="UTF-8"?>
<!-- Generated by org.testng.reporters.JUnitReportReporter -->
<testsuite hostname="Leti" failures="0" tests="4" name="com.testsLeti.ApiAllTestsLetiWithConstants" time="24.521" errors="0" timestamp="2023-03-13T02:31:12 PDT" skipped="0">
  <testcase classname="com.testsLeti.ApiAllTestsLetiWithConstants" name="getUserData" time="20.173"/>
  <system-out/>
  <testcase classname="com.testsLeti.ApiAllTestsLetiWithConstants" name="CreateUserData" time="0.879"/>
  <system-out/>
  <testcase classname="com.testsLeti.ApiAllTestsLetiWithConstants" name="updateUserData" time="2.796"/>
  <system-out/>
  <testcase classname="com.testsLeti.ApiAllTestsLetiWithConstants" name="deleteUserData" time="0.673"/>
  <system-out/>
</testsuite> <!-- com.testsLeti.ApiAllTestsLetiWithConstants -->
