<?xml version="1.0" encoding="UTF-8"?>
<!-- Generated by org.testng.reporters.JUnitReportReporter -->
<testsuite hostname="Leti" failures="0" tests="1" name="com.simpletestsLeti.CreateDataWithPOJOTest" time="9.601" errors="0" timestamp="2023-03-08T23:58:37 PST" skipped="0">
  <testcase classname="com.simpletestsLeti.CreateDataWithPOJOTest" name="updateUserData" time="9.601"/>
  <system-out/>
</testsuite> <!-- com.simpletestsLeti.CreateDataWithPOJOTest -->
