<?xml version="1.0" encoding="UTF-8"?>
<!-- Generated by org.testng.reporters.JUnitReportReporter -->
<testsuite hostname="Leti" failures="0" tests="2" name="com.simpletestsLeti.GetDataWithPOJOTestUsingHashMap" time="26.426" errors="0" timestamp="2023-03-09T21:28:05 PST" skipped="0">
  <testcase classname="com.simpletestsLeti.GetDataWithPOJOTestUsingHashMap" name="getUserData" time="20.320"/>
  <system-out/>
  <testcase classname="com.simpletestsLeti.GetDataWithPOJOTestUsingHashMap" name="logintoApi" time="6.106"/>
  <system-out/>
</testsuite> <!-- com.simpletestsLeti.GetDataWithPOJOTestUsingHashMap -->
