<?xml version="1.0" encoding="UTF-8"?>
<!-- Generated by org.testng.reporters.JUnitReportReporter -->
<testsuite hostname="Leti" failures="0" tests="2" name="com.simpletestsLeti.GetDataWithPOJOHomework" time="29.380" errors="0" timestamp="2023-03-11T17:52:09 PST" skipped="0">
  <testcase classname="com.simpletestsLeti.GetDataWithPOJOHomework" name="logintoApi" time="6.384"/>
  <system-out/>
  <testcase classname="com.simpletestsLeti.GetDataWithPOJOHomework" name="getUserData" time="22.996"/>
  <system-out/>
</testsuite> <!-- com.simpletestsLeti.GetDataWithPOJOHomework -->
