<?xml version="1.0" encoding="UTF-8"?>
<!-- Generated by org.testng.reporters.JUnitReportReporter -->
<testsuite hostname="Leti" failures="0" tests="2" name="com.simpletestsLeti.GetDataWithPOJOTest" time="22.216" errors="0" timestamp="2023-03-09T21:18:58 PST" skipped="0">
  <testcase classname="com.simpletestsLeti.GetDataWithPOJOTest" name="logintoApi" time="10.172"/>
  <system-out/>
  <testcase classname="com.simpletestsLeti.GetDataWithPOJOTest" name="getUserData" time="12.044"/>
  <system-out/>
</testsuite> <!-- com.simpletestsLeti.GetDataWithPOJOTest -->
